<?xml version="1.0" encoding="UTF-8"?>
<!-- Generated by org.testng.reporters.JUnitReportReporter -->
<testsuite hostname="SwarajPatil" failures="0" tests="5" name="com.testcases.TC_Login_001" time="29.510" errors="0" timestamp="2025-07-09T18:04:33 IST" skipped="0">
  <testcase classname="com.testcases.TC_Login_001" name="Login" time="9.856"/>
  <system-out/>
  <testcase classname="com.testcases.TC_Login_001" name="Login" time="4.867"/>
  <system-out/>
  <testcase classname="com.testcases.TC_Login_001" name="Login" time="5.597"/>
  <system-out/>
  <testcase classname="com.testcases.TC_Login_001" name="Login" time="5.030"/>
  <system-out/>
  <testcase classname="com.testcases.TC_Login_001" name="Login" time="4.160"/>
  <system-out/>
</testsuite> <!-- com.testcases.TC_Login_001 -->
