<?xml version="1.0" encoding="UTF-8"?>
<!-- Generated by org.testng.reporters.JUnitReportReporter -->
<testsuite hostname="SwarajPatil" failures="0" tests="1" name="com.testcases.TC_Checkout_003" time="11.314" errors="0" timestamp="2025-07-09T18:04:33 IST" skipped="0">
  <testcase classname="com.testcases.TC_Checkout_003" name="checkout" time="11.314"/>
  <system-out/>
</testsuite> <!-- com.testcases.TC_Checkout_003 -->
