<?xml version="1.0" encoding="UTF-8"?>
<!-- Generated by org.testng.reporters.JUnitReportReporter -->
<testsuite hostname="SwarajPatil" failures="0" tests="1" name="com.testcases.TC_Add2Cart_002" time="6.108" errors="0" timestamp="2025-07-09T18:04:33 IST" skipped="0">
  <testcase classname="com.testcases.TC_Add2Cart_002" name="AddtoCart" time="6.108"/>
  <system-out/>
</testsuite> <!-- com.testcases.TC_Add2Cart_002 -->
